<?xml version="1.0" encoding="UTF-8"?>
<!-- Generated by org.testng.reporters.JUnitXMLReporter -->
<testsuite ignored="6" hostname="Lavanya-Laptop" failures="1" tests="4" name="Regression" time="37.473" errors="0" timestamp="2022-08-14T22:36:24 EDT">
  <testcase classname="com.hrmapp.testcases.ValidLoginTest" name="LoginTest" time="5.352"/>
  <testcase classname="com.hrmapp.testcases.ValidLoginTest" name="verifyTitleTest" time="0.017">
    <failure type="java.lang.AssertionError" message="expected [OrangeH] but found [OrangeHRM]">
      <![CDATA[java.lang.AssertionError: expected [OrangeH] but found [OrangeHRM]
at com.hrmapp.testcases.ValidLoginTest.verifyTitleTest(ValidLoginTest.java:19)
at java.base/java.util.ArrayList.forEach(ArrayList.java:1511)
at java.base/java.util.concurrent.FutureTask.run(FutureTask.java:264)
at java.base/java.util.concurrent.ThreadPoolExecutor.runWorker(ThreadPoolExecutor.java:1136)
at java.base/java.util.concurrent.ThreadPoolExecutor$Worker.run(ThreadPoolExecutor.java:635)
at java.base/java.lang.Thread.run(Thread.java:833)
... Removed 22 stack frames]]>
    </failure>
  </testcase> <!-- verifyTitleTest -->
  <testcase classname="com.hrmapp.testcases.SearchUser" name="userNamefield" time="7.624"/>
  <testcase classname="com.hrmapp.testcases.SearchUserTest" name="userFind" time="7.975"/>
  <testcase classname="com.hrmapp.testcases.SearchUserTest" name="userX" time="0.0">
    <ignored/>
  </testcase> <!-- userX -->
  <testcase classname="com.hrmapp.testcases.SearchUser" name="empNa" time="0.0">
    <ignored/>
  </testcase> <!-- empNa -->
  <testcase classname="com.hrmapp.base.BaseClass" name="@BeforeSuite ExtentReports" time="0.0">
    <ignored/>
  </testcase> <!-- @BeforeSuite ExtentReports -->
  <testcase classname="com.hrmapp.base.BaseClass" name="@BeforeSuite ExtentReports" time="0.0">
    <ignored/>
  </testcase> <!-- @BeforeSuite ExtentReports -->
  <testcase classname="com.hrmapp.base.BaseClass" name="@BeforeSuite loadConfig1" time="0.0">
    <ignored/>
  </testcase> <!-- @BeforeSuite loadConfig1 -->
  <testcase classname="com.hrmapp.base.BaseClass" name="@BeforeSuite loadConfig1" time="0.0">
    <ignored/>
  </testcase> <!-- @BeforeSuite loadConfig1 -->
</testsuite> <!-- Regression -->
