<?xml version="1.0" encoding="UTF-8"?>
<testng-results ignored="6" total="10" passed="3" failed="1" skipped="0">
  <reporter-output>
  </reporter-output>
  <suite started-at="2022-08-14T22:35:47 EDT" name="HR Suite" finished-at="2022-08-14T22:36:24 EDT" duration-ms="37473">
    <groups>
      <group name="Smoke">
        <method signature="SearchUser.userNamefield()[pri:0, instance:com.hrmapp.testcases.SearchUser@4af0df05]" name="userNamefield" class="com.hrmapp.testcases.SearchUser"/>
        <method signature="SearchUserTest.userFind()[pri:0, instance:com.hrmapp.testcases.SearchUserTest@57ea113a]" name="userFind" class="com.hrmapp.testcases.SearchUserTest"/>
        <method signature="ValidLoginTest.LoginTest()[pri:0, instance:com.hrmapp.testcases.ValidLoginTest@24d09c1]" name="LoginTest" class="com.hrmapp.testcases.ValidLoginTest"/>
        <method signature="ValidLoginTest.verifyTitleTest()[pri:0, instance:com.hrmapp.testcases.ValidLoginTest@24d09c1]" name="verifyTitleTest" class="com.hrmapp.testcases.ValidLoginTest"/>
      </group> <!-- Smoke -->
    </groups>
    <test started-at="2022-08-14T22:35:47 EDT" name="Regression" finished-at="2022-08-14T22:36:24 EDT" duration-ms="37473">
      <class name="com.hrmapp.testcases.SearchUser">
        <test-method is-config="true" signature="getDriver()[pri:0, instance:com.hrmapp.testcases.SearchUser@4af0df05]" started-at="2022-08-14T22:36:01 EDT" name="getDriver" finished-at="2022-08-14T22:36:01 EDT" duration-ms="1" status="PASS">
          <reporter-output>
          </reporter-output>
        </test-method> <!-- getDriver -->
        <test-method is-config="true" signature="launchBrowser()[pri:0, instance:com.hrmapp.testcases.SearchUser@4af0df05]" started-at="2022-08-14T22:36:01 EDT" name="launchBrowser" finished-at="2022-08-14T22:36:05 EDT" duration-ms="3322" status="PASS">
          <reporter-output>
          </reporter-output>
        </test-method> <!-- launchBrowser -->
        <test-method signature="userNamefield()[pri:0, instance:com.hrmapp.testcases.SearchUser@4af0df05]" started-at="2022-08-14T22:36:05 EDT" name="userNamefield" finished-at="2022-08-14T22:36:12 EDT" duration-ms="7624" status="PASS">
          <reporter-output>
          </reporter-output>
        </test-method> <!-- userNamefield -->
      </class> <!-- com.hrmapp.testcases.SearchUser -->
      <class name="com.hrmapp.testcases.SearchUserTest">
        <test-method is-config="true" signature="getDriver()[pri:0, instance:com.hrmapp.testcases.SearchUserTest@57ea113a]" started-at="2022-08-14T22:36:12 EDT" name="getDriver" finished-at="2022-08-14T22:36:12 EDT" duration-ms="1" status="PASS">
          <reporter-output>
          </reporter-output>
        </test-method> <!-- getDriver -->
        <test-method is-config="true" signature="launchBrowser()[pri:0, instance:com.hrmapp.testcases.SearchUserTest@57ea113a]" started-at="2022-08-14T22:36:12 EDT" name="launchBrowser" finished-at="2022-08-14T22:36:16 EDT" duration-ms="3862" status="PASS">
          <reporter-output>
          </reporter-output>
        </test-method> <!-- launchBrowser -->
        <test-method signature="userFind()[pri:0, instance:com.hrmapp.testcases.SearchUserTest@57ea113a]" started-at="2022-08-14T22:36:16 EDT" name="userFind" finished-at="2022-08-14T22:36:24 EDT" duration-ms="7975" status="PASS">
          <reporter-output>
          </reporter-output>
        </test-method> <!-- userFind -->
      </class> <!-- com.hrmapp.testcases.SearchUserTest -->
      <class name="com.hrmapp.testcases.ValidLoginTest">
        <test-method is-config="true" signature="ExtentReports()[pri:0, instance:com.hrmapp.testcases.ValidLoginTest@24d09c1]" started-at="2022-08-14T22:35:47 EDT" name="ExtentReports" finished-at="2022-08-14T22:35:47 EDT" duration-ms="280" status="PASS">
          <reporter-output>
          </reporter-output>
        </test-method> <!-- ExtentReports -->
        <test-method is-config="true" signature="loadConfig1()[pri:0, instance:com.hrmapp.testcases.ValidLoginTest@24d09c1]" started-at="2022-08-14T22:35:47 EDT" name="loadConfig1" finished-at="2022-08-14T22:35:47 EDT" duration-ms="2" status="PASS">
          <reporter-output>
          </reporter-output>
        </test-method> <!-- loadConfig1 -->
        <test-method is-config="true" signature="getDriver()[pri:0, instance:com.hrmapp.testcases.ValidLoginTest@24d09c1]" started-at="2022-08-14T22:35:47 EDT" name="getDriver" finished-at="2022-08-14T22:35:47 EDT" duration-ms="1" status="PASS">
          <reporter-output>
          </reporter-output>
        </test-method> <!-- getDriver -->
        <test-method is-config="true" signature="launchBrowser()[pri:0, instance:com.hrmapp.testcases.ValidLoginTest@24d09c1]" started-at="2022-08-14T22:35:47 EDT" name="launchBrowser" finished-at="2022-08-14T22:35:52 EDT" duration-ms="5196" status="PASS">
          <reporter-output>
          </reporter-output>
        </test-method> <!-- launchBrowser -->
        <test-method signature="LoginTest()[pri:0, instance:com.hrmapp.testcases.ValidLoginTest@24d09c1]" started-at="2022-08-14T22:35:52 EDT" name="LoginTest" finished-at="2022-08-14T22:35:57 EDT" duration-ms="5352" status="PASS">
          <reporter-output>
          </reporter-output>
        </test-method> <!-- LoginTest -->
        <test-method is-config="true" signature="getDriver()[pri:0, instance:com.hrmapp.testcases.ValidLoginTest@24d09c1]" started-at="2022-08-14T22:35:57 EDT" name="getDriver" finished-at="2022-08-14T22:35:57 EDT" duration-ms="0" status="PASS">
          <reporter-output>
          </reporter-output>
        </test-method> <!-- getDriver -->
        <test-method is-config="true" signature="launchBrowser()[pri:0, instance:com.hrmapp.testcases.ValidLoginTest@24d09c1]" started-at="2022-08-14T22:35:57 EDT" name="launchBrowser" finished-at="2022-08-14T22:36:01 EDT" duration-ms="3566" status="PASS">
          <reporter-output>
          </reporter-output>
        </test-method> <!-- launchBrowser -->
        <test-method signature="verifyTitleTest()[pri:0, instance:com.hrmapp.testcases.ValidLoginTest@24d09c1]" started-at="2022-08-14T22:36:01 EDT" name="verifyTitleTest" finished-at="2022-08-14T22:36:01 EDT" duration-ms="17" status="FAIL">
          <exception class="java.lang.AssertionError">
            <message>
              <![CDATA[expected [OrangeH] but found [OrangeHRM]]]>
            </message>
            <full-stacktrace>
              <![CDATA[java.lang.AssertionError: expected [OrangeH] but found [OrangeHRM]
at org.testng.Assert.fail(Assert.java:99)
at org.testng.Assert.failNotEquals(Assert.java:1037)
at org.testng.Assert.assertEqualsImpl(Assert.java:140)
at org.testng.Assert.assertEquals(Assert.java:122)
at org.testng.Assert.assertEquals(Assert.java:629)
at org.testng.Assert.assertEquals(Assert.java:639)
at com.hrmapp.testcases.ValidLoginTest.verifyTitleTest(ValidLoginTest.java:19)
at java.base/jdk.internal.reflect.DirectMethodHandleAccessor.invoke(DirectMethodHandleAccessor.java:104)
at java.base/java.lang.reflect.Method.invoke(Method.java:577)
at org.testng.internal.MethodInvocationHelper.invokeMethod(MethodInvocationHelper.java:133)
at org.testng.internal.TestInvoker.invokeMethod(TestInvoker.java:598)
at org.testng.internal.TestInvoker.invokeTestMethod(TestInvoker.java:173)
at org.testng.internal.MethodRunner.runInSequence(MethodRunner.java:46)
at org.testng.internal.TestInvoker$MethodInvocationAgent.invoke(TestInvoker.java:824)
at org.testng.internal.TestInvoker.invokeTestMethods(TestInvoker.java:146)
at org.testng.internal.TestMethodWorker.invokeTestMethods(TestMethodWorker.java:146)
at org.testng.internal.TestMethodWorker.run(TestMethodWorker.java:128)
at java.base/java.util.ArrayList.forEach(ArrayList.java:1511)
at org.testng.TestRunner.privateRun(TestRunner.java:794)
at org.testng.TestRunner.run(TestRunner.java:596)
at org.testng.SuiteRunner.runTest(SuiteRunner.java:377)
at org.testng.SuiteRunner.access$000(SuiteRunner.java:28)
at org.testng.SuiteRunner$SuiteWorker.run(SuiteRunner.java:418)
at org.testng.internal.thread.ThreadUtil.lambda$execute$0(ThreadUtil.java:64)
at java.base/java.util.concurrent.FutureTask.run(FutureTask.java:264)
at java.base/java.util.concurrent.ThreadPoolExecutor.runWorker(ThreadPoolExecutor.java:1136)
at java.base/java.util.concurrent.ThreadPoolExecutor$Worker.run(ThreadPoolExecutor.java:635)
at java.base/java.lang.Thread.run(Thread.java:833)
]]>
            </full-stacktrace>
          </exception> <!-- java.lang.AssertionError -->
          <reporter-output>
          </reporter-output>
        </test-method> <!-- verifyTitleTest -->
      </class> <!-- com.hrmapp.testcases.ValidLoginTest -->
    </test> <!-- Regression -->
  </suite> <!-- HR Suite -->
</testng-results>
